2023-10-23 10:52:17,689:WARNING:/Users/ryan/miniconda3/envs/tf/lib/python3.9/site-packages/scipy/stats/_distn_infrastructure.py:2093: RuntimeWarning:

invalid value encountered in divide


2023-10-23 10:53:38,162:WARNING:/Users/ryan/miniconda3/envs/tf/lib/python3.9/site-packages/scipy/stats/_distn_infrastructure.py:2093: RuntimeWarning:

invalid value encountered in divide


2023-10-23 10:55:00,350:WARNING:/Users/ryan/miniconda3/envs/tf/lib/python3.9/site-packages/scipy/stats/_distn_infrastructure.py:2093: RuntimeWarning:

invalid value encountered in divide


2023-10-23 10:55:11,235:WARNING:/Users/ryan/miniconda3/envs/tf/lib/python3.9/site-packages/scipy/stats/_distn_infrastructure.py:2093: RuntimeWarning:

invalid value encountered in divide


2023-10-23 10:55:24,535:WARNING:/Users/ryan/miniconda3/envs/tf/lib/python3.9/site-packages/scipy/stats/_distn_infrastructure.py:2093: RuntimeWarning:

invalid value encountered in divide


2023-10-26 08:13:09,774:WARNING:
'cuml' is a soft dependency and not included in the pycaret installation. Please run: `pip install cuml` to install.
2023-10-26 08:13:09,775:WARNING:
'cuml' is a soft dependency and not included in the pycaret installation. Please run: `pip install cuml` to install.
2023-10-26 08:13:09,775:WARNING:
'cuml' is a soft dependency and not included in the pycaret installation. Please run: `pip install cuml` to install.
2023-10-26 08:13:09,775:WARNING:
'cuml' is a soft dependency and not included in the pycaret installation. Please run: `pip install cuml` to install.
2023-10-26 08:13:09,785:INFO:Initializing load_model()
2023-10-26 08:13:09,785:INFO:load_model(model_name=finalized_user_model, platform=None, authentication=None, verbose=True)
